2024-08-11 13:51:58,256(HH:mm:ss.SSS) [main] INFO  testCases.TC03_LoginDDT Logging out.
2024-08-11 13:51:59,823(HH:mm:ss.SSS) [main] INFO  testCases.TC03_LoginDDT **** Starting TC03_LoginDDT ***
2024-08-11 13:52:01,409(HH:mm:ss.SSS) [main] INFO  testCases.TC03_LoginDDT Validating
2024-08-11 13:52:11,491(HH:mm:ss.SSS) [main] INFO  testCases.TC03_LoginDDT **** Starting TC03_LoginDDT ***
2024-08-11 13:52:13,033(HH:mm:ss.SSS) [main] INFO  testCases.TC03_LoginDDT Validating
2024-08-11 13:52:23,117(HH:mm:ss.SSS) [main] INFO  testCases.TC03_LoginDDT **** Starting TC03_LoginDDT ***
2024-08-11 13:52:23,530(HH:mm:ss.SSS) [main] INFO  testCases.TC03_LoginDDT Validating
2024-08-11 13:52:25,830(HH:mm:ss.SSS) [main] INFO  testCases.TC03_LoginDDT Logged in.
2024-08-11 13:52:25,843(HH:mm:ss.SSS) [main] INFO  testCases.TC03_LoginDDT Logging out.
2024-08-11 20:41:51,720(HH:mm:ss.SSS) [main] DEBUG org.apache.poi.openxml4j.opc.PackageRelationshipCollection Parsing relationship: /xl/_rels/workbook.xml.rels
2024-08-11 20:41:51,760(HH:mm:ss.SSS) [main] DEBUG org.apache.poi.openxml4j.opc.PackageRelationshipCollection Parsing relationship: /_rels/.rels
2024-08-11 20:41:53,069(HH:mm:ss.SSS) [main] INFO  testCases.TC03_LoginDDT **** Starting TC03_LoginDDT ***
2024-08-11 20:41:55,745(HH:mm:ss.SSS) [main] INFO  testCases.TC03_LoginDDT Validating
2024-08-11 20:41:56,277(HH:mm:ss.SSS) [main] INFO  testCases.TC03_LoginDDT Logged in.
2024-08-11 20:41:56,277(HH:mm:ss.SSS) [main] INFO  testCases.TC03_LoginDDT Logging out.
2024-08-11 20:41:57,700(HH:mm:ss.SSS) [main] INFO  testCases.TC03_LoginDDT **** Starting TC03_LoginDDT ***
2024-08-11 20:41:59,435(HH:mm:ss.SSS) [main] INFO  testCases.TC03_LoginDDT Validating
2024-08-11 20:42:09,504(HH:mm:ss.SSS) [main] INFO  testCases.TC03_LoginDDT **** Starting TC03_LoginDDT ***
2024-08-11 20:42:10,737(HH:mm:ss.SSS) [main] INFO  testCases.TC03_LoginDDT Validating
2024-08-11 20:42:20,801(HH:mm:ss.SSS) [main] INFO  testCases.TC03_LoginDDT **** Starting TC03_LoginDDT ***
2024-08-11 20:42:21,362(HH:mm:ss.SSS) [main] INFO  testCases.TC03_LoginDDT Validating
2024-08-11 20:42:23,810(HH:mm:ss.SSS) [main] INFO  testCases.TC03_LoginDDT Logged in.
2024-08-11 20:42:23,813(HH:mm:ss.SSS) [main] INFO  testCases.TC03_LoginDDT Logging out.
2024-08-11 21:02:02,268(HH:mm:ss.SSS) [main] DEBUG org.apache.poi.openxml4j.opc.PackageRelationshipCollection Parsing relationship: /xl/_rels/workbook.xml.rels
2024-08-11 21:02:02,282(HH:mm:ss.SSS) [main] DEBUG org.apache.poi.openxml4j.opc.PackageRelationshipCollection Parsing relationship: /_rels/.rels
2024-08-11 21:02:03,885(HH:mm:ss.SSS) [main] INFO  testCases.TC03_LoginDDT **** Starting TC03_LoginDDT ***
2024-08-11 21:02:05,826(HH:mm:ss.SSS) [main] INFO  testCases.TC03_LoginDDT Validating
2024-08-11 21:02:06,410(HH:mm:ss.SSS) [main] INFO  testCases.TC03_LoginDDT Logged in.
2024-08-11 21:02:06,410(HH:mm:ss.SSS) [main] INFO  testCases.TC03_LoginDDT Logging out.
2024-08-11 21:02:07,715(HH:mm:ss.SSS) [main] INFO  testCases.TC03_LoginDDT **** Starting TC03_LoginDDT ***
2024-08-11 21:02:09,327(HH:mm:ss.SSS) [main] INFO  testCases.TC03_LoginDDT Validating
2024-08-11 21:02:19,374(HH:mm:ss.SSS) [main] INFO  testCases.TC03_LoginDDT **** Starting TC03_LoginDDT ***
2024-08-11 21:02:20,521(HH:mm:ss.SSS) [main] INFO  testCases.TC03_LoginDDT Validating
2024-08-11 21:02:30,558(HH:mm:ss.SSS) [main] INFO  testCases.TC03_LoginDDT **** Starting TC03_LoginDDT ***
2024-08-11 21:02:32,412(HH:mm:ss.SSS) [main] INFO  testCases.TC03_LoginDDT Validating
2024-08-11 21:02:33,009(HH:mm:ss.SSS) [main] INFO  testCases.TC03_LoginDDT Logged in.
2024-08-11 21:02:33,009(HH:mm:ss.SSS) [main] INFO  testCases.TC03_LoginDDT Logging out.
2024-08-12 07:36:03,668(HH:mm:ss.SSS) [main] DEBUG org.apache.poi.openxml4j.opc.PackageRelationshipCollection Parsing relationship: /xl/_rels/workbook.xml.rels
2024-08-12 07:36:03,678(HH:mm:ss.SSS) [main] DEBUG org.apache.poi.openxml4j.opc.PackageRelationshipCollection Parsing relationship: /_rels/.rels
2024-08-12 07:36:04,649(HH:mm:ss.SSS) [main] INFO  testCases.TC03_LoginDDT **** Starting TC03_LoginDDT ***
2024-08-12 07:36:10,377(HH:mm:ss.SSS) [main] INFO  testCases.TC03_LoginDDT Validating
2024-08-12 07:36:12,085(HH:mm:ss.SSS) [main] INFO  testCases.TC03_LoginDDT Logged in.
2024-08-12 07:36:12,085(HH:mm:ss.SSS) [main] INFO  testCases.TC03_LoginDDT Logging out.
2024-08-12 07:36:14,589(HH:mm:ss.SSS) [main] INFO  testCases.TC03_LoginDDT **** Starting TC03_LoginDDT ***
2024-08-12 07:36:16,120(HH:mm:ss.SSS) [main] INFO  testCases.TC03_LoginDDT Validating
2024-08-12 07:36:26,261(HH:mm:ss.SSS) [main] INFO  testCases.TC03_LoginDDT **** Starting TC03_LoginDDT ***
2024-08-12 07:36:27,473(HH:mm:ss.SSS) [main] INFO  testCases.TC03_LoginDDT Validating
2024-08-12 07:36:37,527(HH:mm:ss.SSS) [main] INFO  testCases.TC03_LoginDDT **** Starting TC03_LoginDDT ***
2024-08-12 07:36:38,794(HH:mm:ss.SSS) [main] INFO  testCases.TC03_LoginDDT Validating
2024-08-12 07:36:39,290(HH:mm:ss.SSS) [main] INFO  testCases.TC03_LoginDDT Logged in.
