2024-09-07 13:27:57,261(HH:mm:ss.SSS) [main] INFO  testCases.TC01_AdminPageTest Validating
2024-09-07 13:27:57,793(HH:mm:ss.SSS) [main] INFO  testCases.TC01_AdminPageTest **** Starting loginWithValidCredentials ***
2024-09-07 13:28:07,839(HH:mm:ss.SSS) [main] ERROR testCases.TC01_AdminPageTest Test failed.
2024-09-07 13:28:07,839(HH:mm:ss.SSS) [main] DEBUG testCases.TC01_AdminPageTest Debug logs.
2024-09-07 13:28:12,860(HH:mm:ss.SSS) [main] INFO  testCases.TC01_AdminPageTest Logging out.
2024-09-07 13:28:19,915(HH:mm:ss.SSS) [main] DEBUG org.apache.poi.openxml4j.opc.PackageRelationshipCollection Parsing relationship: /xl/_rels/workbook.xml.rels
2024-09-07 13:28:19,918(HH:mm:ss.SSS) [main] DEBUG org.apache.poi.openxml4j.opc.PackageRelationshipCollection Parsing relationship: /_rels/.rels
2024-09-07 13:28:19,986(HH:mm:ss.SSS) [main] INFO  testCases.TC02_LoginDDT **** Starting loginWithValidCredentials ***
2024-09-07 13:28:29,374(HH:mm:ss.SSS) [main] INFO  testCases.TC02_LoginDDT Validating
2024-09-07 13:28:29,970(HH:mm:ss.SSS) [main] INFO  testCases.TC02_LoginDDT Logging out.
2024-09-07 13:28:31,470(HH:mm:ss.SSS) [main] INFO  testCases.TC02_LoginDDT **** Starting loginWithValidCredentials ***
2024-09-07 13:28:33,273(HH:mm:ss.SSS) [main] INFO  testCases.TC02_LoginDDT Validating
2024-09-07 13:28:33,714(HH:mm:ss.SSS) [main] INFO  testCases.TC02_LoginDDT Logging out.
2024-09-07 13:28:35,120(HH:mm:ss.SSS) [main] DEBUG org.apache.poi.openxml4j.opc.PackageRelationshipCollection Parsing relationship: /xl/_rels/workbook.xml.rels
2024-09-07 13:28:35,123(HH:mm:ss.SSS) [main] DEBUG org.apache.poi.openxml4j.opc.PackageRelationshipCollection Parsing relationship: /_rels/.rels
2024-09-07 13:28:35,192(HH:mm:ss.SSS) [main] INFO  testCases.TC02_LoginDDT **** Starting loginWithInvalidCredentials ***
2024-09-07 13:28:36,554(HH:mm:ss.SSS) [main] INFO  testCases.TC02_LoginDDT Validating
2024-09-07 13:28:36,987(HH:mm:ss.SSS) [main] INFO  testCases.TC02_LoginDDT **** Starting loginWithInvalidCredentials ***
2024-09-07 13:28:38,275(HH:mm:ss.SSS) [main] INFO  testCases.TC02_LoginDDT Validating
2024-09-07 13:29:46,465(HH:mm:ss.SSS) [main] DEBUG org.apache.poi.openxml4j.opc.PackageRelationshipCollection Parsing relationship: /xl/_rels/workbook.xml.rels
2024-09-07 13:29:46,495(HH:mm:ss.SSS) [main] DEBUG org.apache.poi.openxml4j.opc.PackageRelationshipCollection Parsing relationship: /_rels/.rels
2024-09-07 13:29:47,752(HH:mm:ss.SSS) [main] INFO  testCases.TC01_AdminPageTest **** Starting loginWithValidCredentials ***
2024-09-07 13:29:49,482(HH:mm:ss.SSS) [main] INFO  testCases.TC01_AdminPageTest Validating
2024-09-07 13:29:50,041(HH:mm:ss.SSS) [main] INFO  testCases.TC01_AdminPageTest **** Starting loginWithValidCredentials ***
2024-09-07 13:30:00,108(HH:mm:ss.SSS) [main] ERROR testCases.TC01_AdminPageTest Test failed.
2024-09-07 13:30:00,108(HH:mm:ss.SSS) [main] DEBUG testCases.TC01_AdminPageTest Debug logs.
2024-09-07 13:30:23,993(HH:mm:ss.SSS) [main] INFO  testCases.TC01_AdminPageTest Logging out.
2024-09-07 13:32:10,444(HH:mm:ss.SSS) [main] INFO  testCases.TC01_AdminPageTest **** Starting loginWithValidCredentials ***
2024-09-07 13:32:11,470(HH:mm:ss.SSS) [main] INFO  testCases.TC01_AdminPageTest Validating
2024-09-07 13:32:37,755(HH:mm:ss.SSS) [main] INFO  testCases.TC01_AdminPageTest Logging out.
2024-09-07 17:07:01,956(HH:mm:ss.SSS) [main] INFO  testCases.TC01_AdminPageTest **** Starting loginWithValidCredentials ***
2024-09-07 17:07:07,674(HH:mm:ss.SSS) [main] INFO  testCases.TC01_AdminPageTest Validating
2024-09-07 17:07:12,275(HH:mm:ss.SSS) [main] INFO  testCases.TC01_AdminPageTest Logging out.
2024-09-07 17:30:25,409(HH:mm:ss.SSS) [main] INFO  testCases.TC01_AdminPageTest **** Starting loginWithValidCredentials ***
2024-09-07 17:30:23,023(HH:mm:ss.SSS) [main] INFO  testCases.TC01_AdminPageTest Validating
2024-09-07 17:30:48,902(HH:mm:ss.SSS) [main] INFO  testCases.TC01_AdminPageTest Logging out.
2024-09-07 17:33:56,270(HH:mm:ss.SSS) [main] INFO  testCases.TC01_AdminPageTest **** Starting loginWithValidCredentials ***
2024-09-07 17:33:58,671(HH:mm:ss.SSS) [main] INFO  testCases.TC01_AdminPageTest Validating
2024-09-07 17:34:24,143(HH:mm:ss.SSS) [main] INFO  testCases.TC01_AdminPageTest Logging out.
2024-09-07 17:36:53,235(HH:mm:ss.SSS) [main] INFO  testCases.TC01_AdminPageTest **** Starting loginWithValidCredentials ***
2024-09-07 17:36:55,469(HH:mm:ss.SSS) [main] INFO  testCases.TC01_AdminPageTest Validating
2024-09-07 17:37:31,760(HH:mm:ss.SSS) [main] INFO  testCases.TC01_AdminPageTest Logging out.
2024-09-07 17:40:43,169(HH:mm:ss.SSS) [main] INFO  testCases.TC01_AdminPageTest **** Starting loginWithValidCredentials ***
2024-09-07 17:40:46,037(HH:mm:ss.SSS) [main] INFO  testCases.TC01_AdminPageTest Validating
2024-09-07 17:41:10,956(HH:mm:ss.SSS) [main] INFO  testCases.TC01_AdminPageTest Logging out.
2024-09-07 17:50:01,408(HH:mm:ss.SSS) [main] INFO  testCases.TC01_AdminPageTest **** Starting loginWithValidCredentials ***
